/home/mars/MarquetteRMC2021/ros_catkin_ws/devel/.private/rospack/lib/librospack.so: undefined reference to `boost::program_options::detail::cmdline::run()'
/home/mars/MarquetteRMC2021/ros_catkin_ws/devel/.private/rospack/lib/librospack.so: undefined reference to `boost::filesystem::detail::dir_itr_close(void*&, void*&)'
/home/mars/MarquetteRMC2021/ros_catkin_ws/devel/.private/rospack/lib/librospack.so: undefined reference to `boost::program_options::variables_map::variables_map()'
/home/mars/MarquetteRMC2021/ros_catkin_ws/devel/.private/rospack/lib/librospack.so: undefined reference to `boost::program_options::notify(boost::program_options::variables_map&)'
/home/mars/MarquetteRMC2021/ros_catkin_ws/devel/.private/rospack/lib/librospack.so: undefined reference to `boost::program_options::options_description::m_default_line_length'
/home/mars/MarquetteRMC2021/ros_catkin_ws/devel/.private/rospack/lib/librospack.so: undefined reference to `boost::program_options::detail::cmdline::cmdline(std::vector<std::__cxx11::basic_string<char, std::char_traits<char>, std::allocator<char> >, std::allocator<std::__cxx11::basic_string<char, std::char_traits<char>, std::allocator<char> > > > const&)'
/home/mars/MarquetteRMC2021/ros_catkin_ws/devel/.private/rospack/lib/librospack.so: undefined reference to `boost::program_options::arg[abi:cxx11]'
/home/mars/MarquetteRMC2021/ros_catkin_ws/devel/.private/rospack/lib/librospack.so: undefined reference to `boost::program_options::detail::cmdline::set_options_description(boost::program_options::options_description const&)'
/home/mars/MarquetteRMC2021/ros_catkin_ws/devel/.private/rospack/lib/librospack.so: undefined reference to `boost::filesystem::path::filename() const'
/home/mars/MarquetteRMC2021/ros_catkin_ws/devel/.private/rospack/lib/librospack.so: undefined reference to `boost::program_options::to_internal(std::__cxx11::basic_string<char, std::char_traits<char>, std::allocator<char> > const&)'
/home/mars/MarquetteRMC2021/ros_catkin_ws/devel/.private/rospack/lib/librospack.so: undefined reference to `boost::filesystem::detail::directory_iterator_construct(boost::filesystem::directory_iterator&, boost::filesystem::path const&, boost::system::error_code*)'
/home/mars/MarquetteRMC2021/ros_catkin_ws/devel/.private/rospack/lib/librospack.so: undefined reference to `boost::filesystem::detail::current_path(boost::system::error_code*)'
/home/mars/MarquetteRMC2021/ros_catkin_ws/devel/.private/rospack/lib/librospack.so: undefined reference to `typeinfo for boost::program_options::value_semantic_codecvt_helper<char>'
/home/mars/MarquetteRMC2021/ros_catkin_ws/devel/.private/rospack/lib/librospack.so: undefined reference to `boost::program_options::positional_options_description::add(char const*, int)'
/home/mars/MarquetteRMC2021/ros_catkin_ws/devel/.private/rospack/lib/librospack.so: undefined reference to `boost::program_options::abstract_variables_map::operator[](std::__cxx11::basic_string<char, std::char_traits<char>, std::allocator<char> > const&) const'
/home/mars/MarquetteRMC2021/ros_catkin_ws/devel/.private/rospack/lib/librospack.so: undefined reference to `boost::program_options::options_description::add_options()'
/home/mars/MarquetteRMC2021/ros_catkin_ws/devel/.private/rospack/lib/librospack.so: undefined reference to `boost::filesystem::path::compare(boost::filesystem::path const&) const'
/home/mars/MarquetteRMC2021/ros_catkin_ws/devel/.private/rospack/lib/librospack.so: undefined reference to `boost::program_options::detail::cmdline::get_canonical_option_prefix()'
/home/mars/MarquetteRMC2021/ros_catkin_ws/devel/.private/rospack/lib/librospack.so: undefined reference to `boost::filesystem::detail::create_directory(boost::filesystem::path const&, boost::system::error_code*)'
/home/mars/MarquetteRMC2021/ros_catkin_ws/devel/.private/rospack/lib/librospack.so: undefined reference to `boost::program_options::positional_options_description::positional_options_description()'
/home/mars/MarquetteRMC2021/ros_catkin_ws/devel/.private/rospack/lib/librospack.so: undefined reference to `boost::program_options::validate(boost::any&, std::vector<std::__cxx11::basic_string<char, std::char_traits<char>, std::allocator<char> >, std::allocator<std::__cxx11::basic_string<char, std::char_traits<char>, std::allocator<char> > > > const&, std::__cxx11::basic_string<char, std::char_traits<char>, std::allocator<char> >*, int)'
/home/mars/MarquetteRMC2021/ros_catkin_ws/devel/.private/rospack/lib/librospack.so: undefined reference to `boost::filesystem::detail::directory_iterator_increment(boost::filesystem::directory_iterator&, boost::system::error_code*)'
/home/mars/MarquetteRMC2021/ros_catkin_ws/devel/.private/rospack/lib/librospack.so: undefined reference to `boost::program_options::options_description::options_description(std::__cxx11::basic_string<char, std::char_traits<char>, std::allocator<char> > const&, unsigned int, unsigned int)'
/home/mars/MarquetteRMC2021/ros_catkin_ws/devel/.private/rospack/lib/librospack.so: undefined reference to `boost::filesystem::detail::status(boost::filesystem::path const&, boost::system::error_code*)'
/home/mars/MarquetteRMC2021/ros_catkin_ws/devel/.private/rospack/lib/librospack.so: undefined reference to `boost::program_options::detail::cmdline::set_positional_options(boost::program_options::positional_options_description const&)'
/home/mars/MarquetteRMC2021/ros_catkin_ws/devel/.private/rospack/lib/librospack.so: undefined reference to `vtable for boost::program_options::variables_map'
/home/mars/MarquetteRMC2021/ros_catkin_ws/devel/.private/rospack/lib/librospack.so: undefined reference to `boost::program_options::store(boost::program_options::basic_parsed_options<char> const&, boost::program_options::variables_map&, bool)'
/home/mars/MarquetteRMC2021/ros_catkin_ws/devel/.private/rospack/lib/librospack.so: undefined reference to `boost::filesystem::path::operator/=(boost::filesystem::path const&)'
/home/mars/MarquetteRMC2021/ros_catkin_ws/devel/.private/rospack/lib/librospack.so: undefined reference to `boost::program_options::options_description_easy_init::operator()(char const*, char const*)'
/home/mars/MarquetteRMC2021/ros_catkin_ws/devel/.private/rospack/lib/librospack.so: undefined reference to `boost::filesystem::path::parent_path() const'
/home/mars/MarquetteRMC2021/ros_catkin_ws/devel/.private/rospack/lib/librospack.so: undefined reference to `boost::program_options::value_semantic_codecvt_helper<char>::parse(boost::any&, std::vector<std::__cxx11::basic_string<char, std::char_traits<char>, std::allocator<char> >, std::allocator<std::__cxx11::basic_string<char, std::char_traits<char>, std::allocator<char> > > > const&, bool) const'
/home/mars/MarquetteRMC2021/ros_catkin_ws/devel/.private/rospack/lib/librospack.so: undefined reference to `boost::program_options::options_description_easy_init::operator()(char const*, boost::program_options::value_semantic const*, char const*)'
collect2: error: ld returned 1 exit status
make[2]: *** [/home/mars/MarquetteRMC2021/ros_catkin_ws/devel/.private/rospack/bin/rospack] Error 1
make[1]: *** [CMakeFiles/rospackexe.dir/all] Error 2
make[1]: *** Waiting for unfinished jobs....
/home/mars/MarquetteRMC2021/ros_catkin_ws/devel/.private/rospack/lib/librospack.so: undefined reference to `boost::program_options::detail::cmdline::run()'
/home/mars/MarquetteRMC2021/ros_catkin_ws/devel/.private/rospack/lib/librospack.so: undefined reference to `boost::filesystem::detail::dir_itr_close(void*&, void*&)'
/home/mars/MarquetteRMC2021/ros_catkin_ws/devel/.private/rospack/lib/librospack.so: undefined reference to `boost::program_options::variables_map::variables_map()'
/home/mars/MarquetteRMC2021/ros_catkin_ws/devel/.private/rospack/lib/librospack.so: undefined reference to `boost::program_options::notify(boost::program_options::variables_map&)'
/home/mars/MarquetteRMC2021/ros_catkin_ws/devel/.private/rospack/lib/librospack.so: undefined reference to `boost::program_options::options_description::m_default_line_length'
/home/mars/MarquetteRMC2021/ros_catkin_ws/devel/.private/rospack/lib/librospack.so: undefined reference to `boost::program_options::detail::cmdline::cmdline(std::vector<std::__cxx11::basic_string<char, std::char_traits<char>, std::allocator<char> >, std::allocator<std::__cxx11::basic_string<char, std::char_traits<char>, std::allocator<char> > > > const&)'
/home/mars/MarquetteRMC2021/ros_catkin_ws/devel/.private/rospack/lib/librospack.so: undefined reference to `boost::program_options::arg[abi:cxx11]'
/home/mars/MarquetteRMC2021/ros_catkin_ws/devel/.private/rospack/lib/librospack.so: undefined reference to `boost::program_options::detail::cmdline::set_options_description(boost::program_options::options_description const&)'
/home/mars/MarquetteRMC2021/ros_catkin_ws/devel/.private/rospack/lib/librospack.so: undefined reference to `boost::filesystem::path::filename() const'
/home/mars/MarquetteRMC2021/ros_catkin_ws/devel/.private/rospack/lib/librospack.so: undefined reference to `boost::program_options::to_internal(std::__cxx11::basic_string<char, std::char_traits<char>, std::allocator<char> > const&)'
/home/mars/MarquetteRMC2021/ros_catkin_ws/devel/.private/rospack/lib/librospack.so: undefined reference to `boost::filesystem::detail::directory_iterator_construct(boost::filesystem::directory_iterator&, boost::filesystem::path const&, boost::system::error_code*)'
/home/mars/MarquetteRMC2021/ros_catkin_ws/devel/.private/rospack/lib/librospack.so: undefined reference to `boost::filesystem::detail::current_path(boost::system::error_code*)'
/home/mars/MarquetteRMC2021/ros_catkin_ws/devel/.private/rospack/lib/librospack.so: undefined reference to `typeinfo for boost::program_options::value_semantic_codecvt_helper<char>'
/home/mars/MarquetteRMC2021/ros_catkin_ws/devel/.private/rospack/lib/librospack.so: undefined reference to `boost::program_options::positional_options_description::add(char const*, int)'
/home/mars/MarquetteRMC2021/ros_catkin_ws/devel/.private/rospack/lib/librospack.so: undefined reference to `boost::program_options::abstract_variables_map::operator[](std::__cxx11::basic_string<char, std::char_traits<char>, std::allocator<char> > const&) const'
/home/mars/MarquetteRMC2021/ros_catkin_ws/devel/.private/rospack/lib/librospack.so: undefined reference to `boost::program_options::options_description::add_options()'
/home/mars/MarquetteRMC2021/ros_catkin_ws/devel/.private/rospack/lib/librospack.so: undefined reference to `boost::filesystem::path::compare(boost::filesystem::path const&) const'
/home/mars/MarquetteRMC2021/ros_catkin_ws/devel/.private/rospack/lib/librospack.so: undefined reference to `boost::program_options::detail::cmdline::get_canonical_option_prefix()'
/home/mars/MarquetteRMC2021/ros_catkin_ws/devel/.private/rospack/lib/librospack.so: undefined reference to `boost::filesystem::detail::create_directory(boost::filesystem::path const&, boost::system::error_code*)'
/home/mars/MarquetteRMC2021/ros_catkin_ws/devel/.private/rospack/lib/librospack.so: undefined reference to `boost::program_options::positional_options_description::positional_options_description()'
/home/mars/MarquetteRMC2021/ros_catkin_ws/devel/.private/rospack/lib/librospack.so: undefined reference to `boost::program_options::validate(boost::any&, std::vector<std::__cxx11::basic_string<char, std::char_traits<char>, std::allocator<char> >, std::allocator<std::__cxx11::basic_string<char, std::char_traits<char>, std::allocator<char> > > > const&, std::__cxx11::basic_string<char, std::char_traits<char>, std::allocator<char> >*, int)'
/home/mars/MarquetteRMC2021/ros_catkin_ws/devel/.private/rospack/lib/librospack.so: undefined reference to `boost::filesystem::detail::directory_iterator_increment(boost::filesystem::directory_iterator&, boost::system::error_code*)'
/home/mars/MarquetteRMC2021/ros_catkin_ws/devel/.private/rospack/lib/librospack.so: undefined reference to `boost::program_options::options_description::options_description(std::__cxx11::basic_string<char, std::char_traits<char>, std::allocator<char> > const&, unsigned int, unsigned int)'
/home/mars/MarquetteRMC2021/ros_catkin_ws/devel/.private/rospack/lib/librospack.so: undefined reference to `boost::filesystem::detail::status(boost::filesystem::path const&, boost::system::error_code*)'
/home/mars/MarquetteRMC2021/ros_catkin_ws/devel/.private/rospack/lib/librospack.so: undefined reference to `boost::program_options::detail::cmdline::set_positional_options(boost::program_options::positional_options_description const&)'
/home/mars/MarquetteRMC2021/ros_catkin_ws/devel/.private/rospack/lib/librospack.so: undefined reference to `vtable for boost::program_options::variables_map'
/home/mars/MarquetteRMC2021/ros_catkin_ws/devel/.private/rospack/lib/librospack.so: undefined reference to `boost::program_options::store(boost::program_options::basic_parsed_options<char> const&, boost::program_options::variables_map&, bool)'
/home/mars/MarquetteRMC2021/ros_catkin_ws/devel/.private/rospack/lib/librospack.so: undefined reference to `boost::filesystem::path::operator/=(boost::filesystem::path const&)'
/home/mars/MarquetteRMC2021/ros_catkin_ws/devel/.private/rospack/lib/librospack.so: undefined reference to `boost::program_options::options_description_easy_init::operator()(char const*, char const*)'
/home/mars/MarquetteRMC2021/ros_catkin_ws/devel/.private/rospack/lib/librospack.so: undefined reference to `boost::filesystem::path::parent_path() const'
/home/mars/MarquetteRMC2021/ros_catkin_ws/devel/.private/rospack/lib/librospack.so: undefined reference to `boost::program_options::value_semantic_codecvt_helper<char>::parse(boost::any&, std::vector<std::__cxx11::basic_string<char, std::char_traits<char>, std::allocator<char> >, std::allocator<std::__cxx11::basic_string<char, std::char_traits<char>, std::allocator<char> > > > const&, bool) const'
/home/mars/MarquetteRMC2021/ros_catkin_ws/devel/.private/rospack/lib/librospack.so: undefined reference to `boost::program_options::options_description_easy_init::operator()(char const*, boost::program_options::value_semantic const*, char const*)'
collect2: error: ld returned 1 exit status
make[2]: *** [/home/mars/MarquetteRMC2021/ros_catkin_ws/devel/.private/rospack/bin/rosstack] Error 1
make[1]: *** [CMakeFiles/rosstackexe.dir/all] Error 2
make: *** [all] Error 2
